C
*******************************************************
*                       Warning                       *
*                                                     *
*  The Login mothed has been changed to Domain Account*
*Login.                                               *
*                                                     *
*  The username of your account likes:                *
*    "LastName.Initial of Firstname@donewin.com"      *
*     Example:"youy@donewin.com" is for "YouYong"     *
*  You need changed your password to active your      *
*account first time.                                  *
*  To change your passwork,Please login to:           *
*           URL: https://mail.donewin.com..cn         *
*         (Default password is:"donewin123"           *
*                                                     *
*                                                     *
*  Please contact me if you have any problem about the*
*configuration of this switch.                        *
*                                                     *
*  Do not change the configuration of VLAN160,VLAN161,*
*Vlan162,Vlan172. These Vlans working for new server  *
*network.                                             *
*                                                     *
*                  Moblie:18616853821                 *
*                  By: LingYun.Ye                     *
*******************************************************

OFFICE-LAB-SW#
OFFICE-LAB-SW#terminal width 511
OFFICE-LAB-SW#terminal length 0
OFFICE-LAB-SW#
OFFICE-LAB-SW#